rk_alsa_tests_result
20190905-18:11
|PASS|:arecord -D hw:0,0 -f S16_LE -d 10 -r 8000 -c 2   --buffer-size=64 --period-size 32 | aplay -D hw:0,0 -f S16_LE -d 10 -r 8000 -c 2   --buffer-size=64 --period-size 32 passed.
|PASS|:arecord -D hw:0,0 -f S16_LE -d 10 -r 8000 -c 2 -M  --buffer-size=64 --period-size 32 | aplay -D hw:0,0 -f S16_LE -d 10 -r 8000 -c 2 -M  --buffer-size=64 --period-size 32 passed.
|PASS|:arecord -D hw:0,0 -f S16_LE -d 60 -r 8000 -c 2   --buffer-size=64 --period-size 32 | aplay -D hw:0,0 -f S16_LE -d 60 -r 8000 -c 2   --buffer-size=64 --period-size 32 passed.
|PASS|:arecord -D hw:0,0 -f S16_LE -d 60 -r 8000 -c 2 -M  --buffer-size=64 --period-size 32 | aplay -D hw:0,0 -f S16_LE -d 60 -r 8000 -c 2 -M  --buffer-size=64 --period-size 32 passed.
|PASS|:arecord -D hw:0,0 -f S16_LE -d 300 -r 8000 -c 2   --buffer-size=64 --period-size 32 | aplay -D hw:0,0 -f S16_LE -d 300 -r 8000 -c 2   --buffer-size=64 --period-size 32 passed.
|PASS|:arecord -D hw:0,0 -f S16_LE -d 300 -r 8000 -c 2 -M  --buffer-size=64 --period-size 32 | aplay -D hw:0,0 -f S16_LE -d 300 -r 8000 -c 2 -M  --buffer-size=64 --period-size 32 passed.
|PASS|:arecord -D hw:0,0 -f S16_LE ALSA_M_FUNC_CAPTURE_ACCESSTYPE_RW_INTERLEAVED_01.snd -d 10 -r 8000 -c 2   --buffer-size=64 --period-size 32 passed.
|PASS|:aplay -D hw:0,0 -f S16_LE ALSA_M_FUNC_CAPTURE_ACCESSTYPE_RW_INTERLEAVED_01.snd -d 10 -r 8000 -f S16_LE -c 2   --buffer-size=64 --period-size 32 passed.
|PASS|:arecord -D hw:0,0 -f S16_LE ALSA_M_FUNC_CAPTURE_ACCESSTYPE_MMAP_INTERLEAVED_01.snd -d 10 -r 8000 -c 2 -M  --buffer-size=64 --period-size 32 passed.
|PASS|:aplay -D hw:0,0 -f S16_LE ALSA_M_FUNC_CAPTURE_ACCESSTYPE_MMAP_INTERLEAVED_01.snd -d 10 -r 8000 -f S16_LE -c 2 -M  --buffer-size=64 --period-size 32 passed.
|PASS|:arecord -D hw:0,0 -f S16_LE ALSA_M_FUNC_CAP_OPMODE_BLK_01.snd -d 10 -r 8000 -c 2   --buffer-size=64 --period-size 32 passed.
|PASS|:aplay -D hw:0,0 -f S16_LE ALSA_M_FUNC_CAP_OPMODE_BLK_01.snd -d 10 -r 8000 -f S16_LE -c 2   --buffer-size=64 --period-size 32 passed.
|PASS|:arecord -D hw:0,0 -f S16_LE ALSA_M_FUNC_CAP_OPMODE_NONBLK_01.snd -d 10 -r 8000 -c 2  -N --buffer-size=64 --period-size 32 passed.
|PASS|:aplay -D hw:0,0 -f S16_LE ALSA_M_FUNC_CAP_OPMODE_NONBLK_01.snd -d 10 -r 8000 -f S16_LE -c 2  -N --buffer-size=64 --period-size 32 passed.
|PASS|:arecord -D hw:0,0 -f S16_LE -d 10 -r 8000 -c 2   --buffer-size=64 --period-size 32 | aplay -D hw:0,0 -f S16_LE -d 10 -r 8000 -c 2   --buffer-size=64 --period-size 32 passed.
|PASS|:arecord -D hw:0,0 -f S16_LE -d 10 -r 8000 -c 2  -N --buffer-size=64 --period-size 32 | aplay -D hw:0,0 -f S16_LE -d 10 -r 8000 -c 2  -N --buffer-size=64 --period-size 32 passed.
|PASS|:arecord -D hw:0,0 -f S16_LE -d 60 -r 8000 -c 2   --buffer-size=64 --period-size 32 | aplay -D hw:0,0 -f S16_LE -d 60 -r 8000 -c 2   --buffer-size=64 --period-size 32 passed.
|PASS|:arecord -D hw:0,0 -f S16_LE -d 60 -r 8000 -c 2  -N --buffer-size=64 --period-size 32 | aplay -D hw:0,0 -f S16_LE -d 60 -r 8000 -c 2  -N --buffer-size=64 --period-size 32 passed.
|PASS|:arecord -D hw:0,0 -f S16_LE -d 300 -r 8000 -c 2   --buffer-size=64 --period-size 32 | aplay -D hw:0,0 -f S16_LE -d 300 -r 8000 -c 2   --buffer-size=64 --period-size 32 passed.
|PASS|:arecord -D hw:0,0 -f S16_LE -d 300 -r 8000 -c 2  -N --buffer-size=64 --period-size 32 | aplay -D hw:0,0 -f S16_LE -d 300 -r 8000 -c 2  -N --buffer-size=64 --period-size 32 passed.
|PASS|:arecord -D hw:0,0 -f S16_LE ALSA_M_FUNC_CAP_BUFSZ_64.snd -d 10 -r 8000 -c 2   --buffer-size=64 --period-size 32 passed.
|PASS|:aplay -D hw:0,0 -f S16_LE ALSA_M_FUNC_CAP_BUFSZ_64.snd -d 10 -r 8000 -f S16_LE -c 2   --buffer-size=64 --period-size 32 passed.
|PASS|:arecord -D hw:0,0 -f S16_LE -d 10 -r 8000 -c 2   --buffer-size=64 --period-size 32 | aplay -D hw:0,0 -f S16_LE -d 10 -r 8000 -c 2   --buffer-size=64 --period-size 32 passed.
|PASS|:arecord -D hw:0,0 -f S16_LE ALSA_M_FUNC_CAP_BUFSZ_512.snd -d 10 -r 8000 -c 2   --buffer-size=512 --period-size 32 passed.
|PASS|:aplay -D hw:0,0 -f S16_LE ALSA_M_FUNC_CAP_BUFSZ_512.snd -d 10 -r 8000 -f S16_LE -c 2   --buffer-size=512 --period-size 32 passed.
|PASS|:arecord -D hw:0,0 -f S16_LE -d 10 -r 8000 -c 2   --buffer-size=512 --period-size 32 | aplay -D hw:0,0 -f S16_LE -d 10 -r 8000 -c 2   --buffer-size=512 --period-size 32 passed.
|PASS|:arecord -D hw:0,0 -f S16_LE ALSA_M_FUNC_CAP_BUFSZ_32768.snd -d 10 -r 8000 -c 2   --buffer-size=32768 --period-size 32 passed.
|PASS|:aplay -D hw:0,0 -f S16_LE ALSA_M_FUNC_CAP_BUFSZ_32768.snd -d 10 -r 8000 -f S16_LE -c 2   --buffer-size=32768 --period-size 32 passed.
|PASS|:arecord -D hw:0,0 -f S16_LE -d 10 -r 8000 -c 2   --buffer-size=32768 --period-size 32 | aplay -D hw:0,0 -f S16_LE -d 10 -r 8000 -c 2   --buffer-size=32768 --period-size 32 passed.
|PASS|:arecord -D hw:0,0 -f S16_LE ALSA_M_FUNC_CAP_BUFSZ_65536.snd -d 10 -r 8000 -c 2   --buffer-size=65536 --period-size 32 passed.
|PASS|:aplay -D hw:0,0 -f S16_LE ALSA_M_FUNC_CAP_BUFSZ_65536.snd -d 10 -r 8000 -f S16_LE -c 2   --buffer-size=65536 --period-size 32 passed.
|PASS|:arecord -D hw:0,0 -f S16_LE -d 10 -r 8000 -c 2   --buffer-size=65536 --period-size 32 | aplay -D hw:0,0 -f S16_LE -d 10 -r 8000 -c 2   --buffer-size=65536 --period-size 32 passed.
|FAIL|:arecord -D hw:0,0 -f S16_LE ALSA_10s_FUNC_CAPTURE_CHANNEL_1.snd -d 10 -r 8000 -c 1   --buffer-size=64 --period-size 32 failed. Return code is 1
|FAIL|:aplay -D hw:0,0 -f S16_LE /dev/urandom -d 10 -r 8000 -f S16_LE -c 1   --buffer-size=64 --period-size 32 failed. Return code is 1
|FAIL|:arecord -D hw:0,0 -f S16_LE -d 10 -r 8000 -c 1   --buffer-size=64 --period-size 32 | aplay -D hw:0,0 -f S16_LE -d 10 -r 8000 -c 1   --buffer-size=64 --period-size 32 failed. Return code is 1
|PASS|:arecord -D hw:0,0 -f S16_LE ALSA_10s_FUNC_CAPTURE_CHANNEL_2.snd -d 10 -r 8000 -c 2   --buffer-size=64 --period-size 32 passed.
|PASS|:aplay -D hw:0,0 -f S16_LE ALSA_10s_FUNC_CAPTURE_CHANNEL_2.snd -d 10 -r 8000 -f S16_LE -c 2   --buffer-size=64 --period-size 32 passed.
|PASS|:arecord -D hw:0,0 -f S16_LE -d 10 -r 8000 -c 2   --buffer-size=64 --period-size 32 | aplay -D hw:0,0 -f S16_LE -d 10 -r 8000 -c 2   --buffer-size=64 --period-size 32 passed.
|FAIL|:arecord -D hw:0,0 -f S16_LE ALSA_60s_FUNC_CAPTURE_CHANNEL_1.snd -d 60 -r 8000 -c 1   --buffer-size=64 --period-size 32 failed. Return code is 1
|FAIL|:aplay -D hw:0,0 -f S16_LE /dev/urandom -d 60 -r 8000 -f S16_LE -c 1   --buffer-size=64 --period-size 32 failed. Return code is 1
|FAIL|:arecord -D hw:0,0 -f S16_LE -d 60 -r 8000 -c 1   --buffer-size=64 --period-size 32 | aplay -D hw:0,0 -f S16_LE -d 60 -r 8000 -c 1   --buffer-size=64 --period-size 32 failed. Return code is 1
|PASS|:arecord -D hw:0,0 -f S16_LE ALSA_60s_FUNC_CAPTURE_CHANNEL_2.snd -d 60 -r 8000 -c 2   --buffer-size=64 --period-size 32 passed.
|PASS|:aplay -D hw:0,0 -f S16_LE ALSA_60s_FUNC_CAPTURE_CHANNEL_2.snd -d 60 -r 8000 -f S16_LE -c 2   --buffer-size=64 --period-size 32 passed.
|PASS|:arecord -D hw:0,0 -f S16_LE -d 60 -r 8000 -c 2   --buffer-size=64 --period-size 32 | aplay -D hw:0,0 -f S16_LE -d 60 -r 8000 -c 2   --buffer-size=64 --period-size 32 passed.
|FAIL|:arecord -D hw:0,0 -f S16_LE ALSA_300s_FUNC_CAPTURE_CHANNEL_1.snd -d 300 -r 8000 -c 1   --buffer-size=64 --period-size 32 failed. Return code is 1
|FAIL|:aplay -D hw:0,0 -f S16_LE /dev/urandom -d 300 -r 8000 -f S16_LE -c 1   --buffer-size=64 --period-size 32 failed. Return code is 1
|FAIL|:arecord -D hw:0,0 -f S16_LE -d 300 -r 8000 -c 1   --buffer-size=64 --period-size 32 | aplay -D hw:0,0 -f S16_LE -d 300 -r 8000 -c 1   --buffer-size=64 --period-size 32 failed. Return code is 1
|PASS|:arecord -D hw:0,0 -f S16_LE ALSA_300s_FUNC_CAPTURE_CHANNEL_2.snd -d 300 -r 8000 -c 2   --buffer-size=64 --period-size 32 passed.
|PASS|:aplay -D hw:0,0 -f S16_LE ALSA_300s_FUNC_CAPTURE_CHANNEL_2.snd -d 300 -r 8000 -f S16_LE -c 2   --buffer-size=64 --period-size 32 passed.
|PASS|:arecord -D hw:0,0 -f S16_LE -d 300 -r 8000 -c 2   --buffer-size=64 --period-size 32 | aplay -D hw:0,0 -f S16_LE -d 300 -r 8000 -c 2   --buffer-size=64 --period-size 32 passed.
|PASS|:arecord -D hw:0,0 -f S16_LE ALSA_M_FUNC_CAP_PRDSIZE_1.snd -d 60 -r 8000 -c 2   --buffer-size=64 --period-size 1 passed.
|PASS|:aplay -D hw:0,0 -f S16_LE ALSA_M_FUNC_CAP_PRDSIZE_1.snd -d 60 -r 8000 -f S16_LE -c 2   --buffer-size=64 --period-size 1 passed.
|PASS|:arecord -D hw:0,0 -f S16_LE -d 60 -r 8000 -c 2   --buffer-size=64 --period-size 1 | aplay -D hw:0,0 -f S16_LE -d 60 -r 8000 -c 2   --buffer-size=64 --period-size 1 passed.
|PASS|:arecord -D hw:0,0 -f S16_LE ALSA_M_FUNC_CAP_PRDSIZE_2.snd -d 60 -r 8000 -c 2   --buffer-size=64 --period-size 2 passed.
|PASS|:aplay -D hw:0,0 -f S16_LE ALSA_M_FUNC_CAP_PRDSIZE_2.snd -d 60 -r 8000 -f S16_LE -c 2   --buffer-size=64 --period-size 2 passed.
|PASS|:arecord -D hw:0,0 -f S16_LE -d 60 -r 8000 -c 2   --buffer-size=64 --period-size 2 | aplay -D hw:0,0 -f S16_LE -d 60 -r 8000 -c 2   --buffer-size=64 --period-size 2 passed.
|PASS|:arecord -D hw:0,0 -f S16_LE ALSA_M_FUNC_CAP_PRDSIZE_4.snd -d 60 -r 8000 -c 2   --buffer-size=64 --period-size 4 passed.
|PASS|:aplay -D hw:0,0 -f S16_LE ALSA_M_FUNC_CAP_PRDSIZE_4.snd -d 60 -r 8000 -f S16_LE -c 2   --buffer-size=64 --period-size 4 passed.
|PASS|:arecord -D hw:0,0 -f S16_LE -d 60 -r 8000 -c 2   --buffer-size=64 --period-size 4 | aplay -D hw:0,0 -f S16_LE -d 60 -r 8000 -c 2   --buffer-size=64 --period-size 4 passed.
|PASS|:arecord -D hw:0,0 -f S16_LE ALSA_M_FUNC_CAP_PRDSIZE_8.snd -d 60 -r 8000 -c 2   --buffer-size=64 --period-size 8 passed.
|PASS|:aplay -D hw:0,0 -f S16_LE ALSA_M_FUNC_CAP_PRDSIZE_8.snd -d 60 -r 8000 -f S16_LE -c 2   --buffer-size=64 --period-size 8 passed.
|PASS|:arecord -D hw:0,0 -f S16_LE -d 60 -r 8000 -c 2   --buffer-size=64 --period-size 8 | aplay -D hw:0,0 -f S16_LE -d 60 -r 8000 -c 2   --buffer-size=64 --period-size 8 passed.
|PASS|:arecord -D hw:0,0 -f S16_LE ALSA_M_FUNC_CAP_PRDSIZE_16.snd -d 60 -r 8000 -c 2   --buffer-size=64 --period-size 16 passed.
|PASS|:aplay -D hw:0,0 -f S16_LE ALSA_M_FUNC_CAP_PRDSIZE_16.snd -d 60 -r 8000 -f S16_LE -c 2   --buffer-size=64 --period-size 16 passed.
|PASS|:arecord -D hw:0,0 -f S16_LE -d 60 -r 8000 -c 2   --buffer-size=64 --period-size 16 | aplay -D hw:0,0 -f S16_LE -d 60 -r 8000 -c 2   --buffer-size=64 --period-size 16 passed.
|PASS|:arecord -D hw:0,0 -f S16_LE ALSA_M_FUNC_CAP_PRDSIZE_32.snd -d 60 -r 8000 -c 2   --buffer-size=64 --period-size 32 passed.
|PASS|:aplay -D hw:0,0 -f S16_LE ALSA_M_FUNC_CAP_PRDSIZE_32.snd -d 60 -r 8000 -f S16_LE -c 2   --buffer-size=64 --period-size 32 passed.
|PASS|:arecord -D hw:0,0 -f S16_LE -d 60 -r 8000 -c 2   --buffer-size=64 --period-size 32 | aplay -D hw:0,0 -f S16_LE -d 60 -r 8000 -c 2   --buffer-size=64 --period-size 32 passed.
|PASS|:arecord -D hw:0,0 -f S16_LE ALSA_M_FUNC_CAP_PRDSIZE_64.snd -d 60 -r 8000 -c 2   --buffer-size=128 --period-size 64 passed.
|PASS|:aplay -D hw:0,0 -f S16_LE ALSA_M_FUNC_CAP_PRDSIZE_64.snd -d 60 -r 8000 -f S16_LE -c 2   --buffer-size=128 --period-size 64 passed.
|PASS|:arecord -D hw:0,0 -f S16_LE -d 60 -r 8000 -c 2   --buffer-size=128 --period-size 64 | aplay -D hw:0,0 -f S16_LE -d 60 -r 8000 -c 2   --buffer-size=128 --period-size 64 passed.
|PASS|:arecord -D hw:0,0 -f S16_LE ALSA_M_FUNC_CAP_PRDSIZE_128.snd -d 60 -r 8000 -c 2   --buffer-size=64 --period-size 128 passed.
|PASS|:aplay -D hw:0,0 -f S16_LE ALSA_M_FUNC_CAP_PRDSIZE_128.snd -d 60 -r 8000 -f S16_LE -c 2   --buffer-size=64 --period-size 128 passed.
|PASS|:arecord -D hw:0,0 -f S16_LE -d 60 -r 8000 -c 2   --buffer-size=64 --period-size 128 | aplay -D hw:0,0 -f S16_LE -d 60 -r 8000 -c 2   --buffer-size=64 --period-size 128 passed.
|PASS|:arecord -D hw:0,0 -f S16_LE ALSA_M_FUNC_CAP_PRDSIZE_256.snd -d 60 -r 8000 -c 2   --buffer-size=64 --period-size 256 passed.
|PASS|:aplay -D hw:0,0 -f S16_LE ALSA_M_FUNC_CAP_PRDSIZE_256.snd -d 60 -r 8000 -f S16_LE -c 2   --buffer-size=64 --period-size 256 passed.
|PASS|:arecord -D hw:0,0 -f S16_LE -d 60 -r 8000 -c 2   --buffer-size=64 --period-size 256 | aplay -D hw:0,0 -f S16_LE -d 60 -r 8000 -c 2   --buffer-size=64 --period-size 256 passed.
|PASS|:arecord -D hw:0,0 -f S16_LE ALSA_M_FUNC_CAP_PRDSIZE_512.snd -d 60 -r 8000 -c 2   --buffer-size=64 --period-size 512 passed.
|PASS|:aplay -D hw:0,0 -f S16_LE ALSA_M_FUNC_CAP_PRDSIZE_512.snd -d 60 -r 8000 -f S16_LE -c 2   --buffer-size=64 --period-size 512 passed.
|PASS|:arecord -D hw:0,0 -f S16_LE -d 60 -r 8000 -c 2   --buffer-size=64 --period-size 512 | aplay -D hw:0,0 -f S16_LE -d 60 -r 8000 -c 2   --buffer-size=64 --period-size 512 passed.
|PASS|:arecord -D hw:0,0 -f S16_LE ALSA_M_FUNC_CAP_PRDSIZE_1024.snd -d 60 -r 8000 -c 2   --buffer-size=64 --period-size 1024 passed.
|PASS|:aplay -D hw:0,0 -f S16_LE ALSA_M_FUNC_CAP_PRDSIZE_1024.snd -d 60 -r 8000 -f S16_LE -c 2   --buffer-size=64 --period-size 1024 passed.
|PASS|:arecord -D hw:0,0 -f S16_LE -d 60 -r 8000 -c 2   --buffer-size=64 --period-size 1024 | aplay -D hw:0,0 -f S16_LE -d 60 -r 8000 -c 2   --buffer-size=64 --period-size 1024 passed.
|PASS|:arecord -D hw:0,0 -f S16_LE ALSA_M_FUNC_CAP_PRDSIZE_2048.snd -d 60 -r 8000 -c 2   --buffer-size=64 --period-size 2048 passed.
|PASS|:aplay -D hw:0,0 -f S16_LE ALSA_M_FUNC_CAP_PRDSIZE_2048.snd -d 60 -r 8000 -f S16_LE -c 2   --buffer-size=64 --period-size 2048 passed.
|PASS|:arecord -D hw:0,0 -f S16_LE -d 60 -r 8000 -c 2   --buffer-size=64 --period-size 2048 | aplay -D hw:0,0 -f S16_LE -d 60 -r 8000 -c 2   --buffer-size=64 --period-size 2048 passed.
|PASS|:arecord -D hw:0,0 -f S16_LE ALSA_M_FUNC_CAP_PRDSIZE_4096.snd -d 60 -r 8000 -c 2   --buffer-size=64 --period-size 4096 passed.
|PASS|:aplay -D hw:0,0 -f S16_LE ALSA_M_FUNC_CAP_PRDSIZE_4096.snd -d 60 -r 8000 -f S16_LE -c 2   --buffer-size=64 --period-size 4096 passed.
|PASS|:arecord -D hw:0,0 -f S16_LE -d 60 -r 8000 -c 2   --buffer-size=64 --period-size 4096 | aplay -D hw:0,0 -f S16_LE -d 60 -r 8000 -c 2   --buffer-size=64 --period-size 4096 passed.
|PASS|:arecord -D hw:0,0 -f S16_LE ALSA_M_FUNC_CAP_PRDSIZE_8192.snd -d 60 -r 8000 -c 2   --buffer-size=64 --period-size 8192 passed.
|PASS|:aplay -D hw:0,0 -f S16_LE ALSA_M_FUNC_CAP_PRDSIZE_8192.snd -d 60 -r 8000 -f S16_LE -c 2   --buffer-size=64 --period-size 8192 passed.
|PASS|:arecord -D hw:0,0 -f S16_LE -d 60 -r 8000 -c 2   --buffer-size=64 --period-size 8192 | aplay -D hw:0,0 -f S16_LE -d 60 -r 8000 -c 2   --buffer-size=64 --period-size 8192 passed.
|PASS|:arecord -D hw:0,0 -f S16_LE ALSA_M_FUNC_CAP_PRDSIZE_16384.snd -d 60 -r 8000 -c 2   --buffer-size=64 --period-size 16384 passed.
|PASS|:aplay -D hw:0,0 -f S16_LE ALSA_M_FUNC_CAP_PRDSIZE_16384.snd -d 60 -r 8000 -f S16_LE -c 2   --buffer-size=64 --period-size 16384 passed.
|PASS|:arecord -D hw:0,0 -f S16_LE -d 60 -r 8000 -c 2   --buffer-size=64 --period-size 16384 | aplay -D hw:0,0 -f S16_LE -d 60 -r 8000 -c 2   --buffer-size=64 --period-size 16384 passed.
|PASS|:arecord -D hw:0,0 -f S16_LE ALSA_M_FUNC_CAP_PRDSIZE_32768.snd -d 60 -r 8000 -c 2   --buffer-size=64 --period-size 32768 passed.
|PASS|:aplay -D hw:0,0 -f S16_LE ALSA_M_FUNC_CAP_PRDSIZE_32768.snd -d 60 -r 8000 -f S16_LE -c 2   --buffer-size=64 --period-size 32768 passed.
|PASS|:arecord -D hw:0,0 -f S16_LE -d 60 -r 8000 -c 2   --buffer-size=64 --period-size 32768 | aplay -D hw:0,0 -f S16_LE -d 60 -r 8000 -c 2   --buffer-size=64 --period-size 32768 passed.
|PASS|:arecord -D hw:0,0 -f S16_LE ALSA_M_FUNC_CAP_SMPRT_8000.snd -d 60 -r 8000 -c 2   --buffer-size=64 --period-size 32 passed.
|PASS|:aplay -D hw:0,0 -f S16_LE ALSA_M_FUNC_CAP_SMPRT_8000.snd -d 60 -r 8000 -f S16_LE -c 2   --buffer-size=64 --period-size 32 passed.
|PASS|:arecord -D hw:0,0 -f S16_LE -d 60 -r 8000 -c 2   --buffer-size=64 --period-size 32 | aplay -D hw:0,0 -f S16_LE -d 60 -r 8000 -c 2   --buffer-size=64 --period-size 32 passed.
|PASS|:arecord -D hw:0,0 -f S16_LE ALSA_M_FUNC_CAP_SMPRT_11025.snd -d 60 -r 11025 -c 2   --buffer-size=64 --period-size 32 passed.
|PASS|:aplay -D hw:0,0 -f S16_LE ALSA_M_FUNC_CAP_SMPRT_11025.snd -d 60 -r 11025 -f S16_LE -c 2   --buffer-size=64 --period-size 32 passed.
|PASS|:arecord -D hw:0,0 -f S16_LE -d 60 -r 11025 -c 2   --buffer-size=64 --period-size 32 | aplay -D hw:0,0 -f S16_LE -d 60 -r 11025 -c 2   --buffer-size=64 --period-size 32 passed.
|PASS|:arecord -D hw:0,0 -f S16_LE ALSA_M_FUNC_CAP_SMPRT_16000.snd -d 60 -r 16000 -c 2   --buffer-size=64 --period-size 32 passed.
|PASS|:aplay -D hw:0,0 -f S16_LE ALSA_M_FUNC_CAP_SMPRT_16000.snd -d 60 -r 16000 -f S16_LE -c 2   --buffer-size=64 --period-size 32 passed.
|PASS|:arecord -D hw:0,0 -f S16_LE -d 60 -r 16000 -c 2   --buffer-size=64 --period-size 32 | aplay -D hw:0,0 -f S16_LE -d 60 -r 16000 -c 2   --buffer-size=64 --period-size 32 passed.
|PASS|:arecord -D hw:0,0 -f S16_LE ALSA_M_FUNC_CAP_SMPRT_22050.snd -d 60 -r 22050 -c 2   --buffer-size=64 --period-size 32 passed.
|PASS|:aplay -D hw:0,0 -f S16_LE ALSA_M_FUNC_CAP_SMPRT_22050.snd -d 60 -r 22050 -f S16_LE -c 2   --buffer-size=64 --period-size 32 passed.
|PASS|:arecord -D hw:0,0 -f S16_LE -d 60 -r 22050 -c 2   --buffer-size=64 --period-size 32 | aplay -D hw:0,0 -f S16_LE -d 60 -r 22050 -c 2   --buffer-size=64 --period-size 32 passed.
|PASS|:arecord -D hw:0,0 -f S16_LE ALSA_M_FUNC_CAP_SMPRT_24000.snd -d 60 -r 24000 -c 2   --buffer-size=64 --period-size 32 passed.
|PASS|:aplay -D hw:0,0 -f S16_LE ALSA_M_FUNC_CAP_SMPRT_24000.snd -d 60 -r 24000 -f S16_LE -c 2   --buffer-size=64 --period-size 32 passed.
|PASS|:arecord -D hw:0,0 -f S16_LE -d 60 -r 24000 -c 2   --buffer-size=64 --period-size 32 | aplay -D hw:0,0 -f S16_LE -d 60 -r 24000 -c 2   --buffer-size=64 --period-size 32 passed.
|PASS|:arecord -D hw:0,0 -f S16_LE ALSA_M_FUNC_CAP_SMPRT_32000.snd -d 60 -r 32000 -c 2   --buffer-size=64 --period-size 32 passed.
|PASS|:aplay -D hw:0,0 -f S16_LE ALSA_M_FUNC_CAP_SMPRT_32000.snd -d 60 -r 32000 -f S16_LE -c 2   --buffer-size=64 --period-size 32 passed.
|PASS|:arecord -D hw:0,0 -f S16_LE -d 60 -r 32000 -c 2   --buffer-size=64 --period-size 32 | aplay -D hw:0,0 -f S16_LE -d 60 -r 32000 -c 2   --buffer-size=64 --period-size 32 passed.
|PASS|:arecord -D hw:0,0 -f S16_LE ALSA_M_FUNC_CAP_SMPRT_44100.snd -d 60 -r 44100 -c 2   --buffer-size=64 --period-size 32 passed.
|PASS|:aplay -D hw:0,0 -f S16_LE ALSA_M_FUNC_CAP_SMPRT_44100.snd -d 60 -r 44100 -f S16_LE -c 2   --buffer-size=64 --period-size 32 passed.
|PASS|:arecord -D hw:0,0 -f S16_LE -d 60 -r 44100 -c 2   --buffer-size=64 --period-size 32 | aplay -D hw:0,0 -f S16_LE -d 60 -r 44100 -c 2   --buffer-size=64 --period-size 32 passed.
|PASS|:arecord -D hw:0,0 -f S16_LE ALSA_M_FUNC_CAP_SMPRT_48000.snd -d 60 -r 48000 -c 2   --buffer-size=64 --period-size 32 passed.
|PASS|:aplay -D hw:0,0 -f S16_LE ALSA_M_FUNC_CAP_SMPRT_48000.snd -d 60 -r 48000 -f S16_LE -c 2   --buffer-size=64 --period-size 32 passed.
|PASS|:arecord -D hw:0,0 -f S16_LE -d 60 -r 48000 -c 2   --buffer-size=64 --period-size 32 | aplay -D hw:0,0 -f S16_LE -d 60 -r 48000 -c 2   --buffer-size=64 --period-size 32 passed.
|PASS|:arecord -D hw:0,0 -f S16_LE ALSA_M_FUNC_CAP_SMPRT_88200.snd -d 60 -r 88200 -c 2   --buffer-size=64 --period-size 32 passed.
|PASS|:aplay -D hw:0,0 -f S16_LE ALSA_M_FUNC_CAP_SMPRT_88200.snd -d 60 -r 88200 -f S16_LE -c 2   --buffer-size=64 --period-size 32 passed.
|PASS|:arecord -D hw:0,0 -f S16_LE -d 60 -r 88200 -c 2   --buffer-size=64 --period-size 32 | aplay -D hw:0,0 -f S16_LE -d 60 -r 88200 -c 2   --buffer-size=64 --period-size 32 passed.
|PASS|:arecord -D hw:0,0 -f S16_LE ALSA_M_FUNC_CAP_SMPRT_96000.snd -d 60 -r 96000 -c 2   --buffer-size=64 --period-size 32 passed.
|PASS|:aplay -D hw:0,0 -f S16_LE ALSA_M_FUNC_CAP_SMPRT_96000.snd -d 60 -r 96000 -f S16_LE -c 2   --buffer-size=64 --period-size 32 passed.
|PASS|:arecord -D hw:0,0 -f S16_LE -d 60 -r 96000 -c 2   --buffer-size=64 --period-size 32 | aplay -D hw:0,0 -f S16_LE -d 60 -r 96000 -c 2   --buffer-size=64 --period-size 32 passed.
|FAIL|:arecord -D hw:0,0 -f S8 ALSA_M_FUNC_CAP_SMPFMT_S8.snd -d 10 -r 8000 -c 2   --buffer-size=64 --period-size 32 failed. Return code is 1
|PASS|:aplay -D hw:0,0 -f S8 /dev/urandom -d 10 -r 8000 -f S8 -c 2   --buffer-size=64 --period-size 32 passed.
|FAIL|:arecord -D hw:0,0 -f S8 -d 10 -r 8000 -c 2   --buffer-size=64 --period-size 32 | aplay -D hw:0,0 -f S8 -d 10 -r 8000 -c 2   --buffer-size=64 --period-size 32 failed. Return code is 1
|PASS|:arecord -D hw:0,0 -f S16_LE ALSA_M_FUNC_CAP_SMPFMT_S16_LE.snd -d 10 -r 8000 -c 2   --buffer-size=64 --period-size 32 passed.
|PASS|:aplay -D hw:0,0 -f S16_LE ALSA_M_FUNC_CAP_SMPFMT_S16_LE.snd -d 10 -r 8000 -f S16_LE -c 2   --buffer-size=64 --period-size 32 passed.
|PASS|:arecord -D hw:0,0 -f S16_LE -d 10 -r 8000 -c 2   --buffer-size=64 --period-size 32 | aplay -D hw:0,0 -f S16_LE -d 10 -r 8000 -c 2   --buffer-size=64 --period-size 32 passed.
|PASS|:arecord -D hw:0,0 -f S24_LE ALSA_M_FUNC_CAP_SMPFMT_S24_LE.snd -d 10 -r 8000 -c 2   --buffer-size=64 --period-size 32 passed.
|PASS|:aplay -D hw:0,0 -f S24_LE ALSA_M_FUNC_CAP_SMPFMT_S24_LE.snd -d 10 -r 8000 -f S24_LE -c 2   --buffer-size=64 --period-size 32 passed.
|PASS|:arecord -D hw:0,0 -f S24_LE -d 10 -r 8000 -c 2   --buffer-size=64 --period-size 32 | aplay -D hw:0,0 -f S24_LE -d 10 -r 8000 -c 2   --buffer-size=64 --period-size 32 passed.
|FAIL|:arecord -D hw:0,0 -f S32_LE ALSA_M_FUNC_CAP_SMPFMT_S32_LE.snd -d 10 -r 8000 -c 2   --buffer-size=64 --period-size 32 failed. Return code is 1
|FAIL|:aplay -D hw:0,0 -f S32_LE /dev/urandom -d 10 -r 8000 -f S32_LE -c 2   --buffer-size=64 --period-size 32 failed. Return code is 1
|FAIL|:arecord -D hw:0,0 -f S32_LE -d 10 -r 8000 -c 2   --buffer-size=64 --period-size 32 | aplay -D hw:0,0 -f S32_LE -d 10 -r 8000 -c 2   --buffer-size=64 --period-size 32 failed. Return code is 1
|PASS|:arecord -D hw:0,0 -f S16_LE ALSA_M_FUNC_CAP_SMPRT_192000.snd -d 30 -r 192000 -c 2   --buffer-size=64 --period-size 32 passed.
|PASS|:aplay -D hw:0,0 -f S16_LE ALSA_M_FUNC_CAP_SMPRT_192000.snd -d 30 -r 192000 -f S16_LE -c 2   --buffer-size=64 --period-size 32 passed.
|PASS|:arecord -D hw:0,0 -f S16_LE -d 30 -r 192000 -c 2   --buffer-size=64 --period-size 32 | aplay -D hw:0,0 -f S16_LE -d 30 -r 192000 -c 2   --buffer-size=64 --period-size 32 passed.
|PASS|:arecord -D hw:0,0 -f S16_LE ALSA_L_STRESS_CAPTURE.snd -d 1000 -r 8000 -c 2   --buffer-size=64 --period-size 32 passed.
|PASS|:aplay -D hw:0,0 -f S16_LE ALSA_L_STRESS_CAPTURE.snd -d 1000 -r 8000 -f S16_LE -c 2   --buffer-size=64 --period-size 32 passed.
|PASS|:arecord -D hw:0,0 -f S16_LE -d 1000 -r 8000 -c 2   --buffer-size=64 --period-size 32 | aplay -D hw:0,0 -f S16_LE -d 1000 -r 8000 -c 2   --buffer-size=64 --period-size 32 passed.
